<?xml version="1.0" encoding="UTF-8" ?>
<testsuite tests="219" failures="0" name="com.ideiah.gerenciadorpampatec.model.ComentarioProjetoTest" time="0.009" errors="0" skipped="0">
  <properties>
    <property name="java.runtime.name" value="Java(TM) SE Runtime Environment"/>
    <property name="sun.boot.library.path" value="C:\Program Files\Java\jdk1.8.0_11\jre\bin"/>
    <property name="java.vm.version" value="25.11-b03"/>
    <property name="java.vm.vendor" value="Oracle Corporation"/>
    <property name="java.vendor.url" value="http://java.oracle.com/"/>
    <property name="path.separator" value=";"/>
    <property name="guice.disable.misplaced.annotation.check" value="true"/>
    <property name="java.vm.name" value="Java HotSpot(TM) 64-Bit Server VM"/>
    <property name="file.encoding.pkg" value="sun.io"/>
    <property name="user.script" value=""/>
    <property name="user.country" value="BR"/>
    <property name="sun.java.launcher" value="SUN_STANDARD"/>
    <property name="sun.os.patch.level" value=""/>
    <property name="java.vm.specification.name" value="Java Virtual Machine Specification"/>
    <property name="user.dir" value="C:\Users\Pedro\Documents\gerenciador-pampatec\code\GerenciadorPampatec"/>
    <property name="java.runtime.version" value="1.8.0_11-b12"/>
    <property name="java.awt.graphicsenv" value="sun.awt.Win32GraphicsEnvironment"/>
    <property name="java.endorsed.dirs" value="C:\Program Files\Java\jdk1.8.0_11\jre\lib\endorsed"/>
    <property name="os.arch" value="amd64"/>
    <property name="java.io.tmpdir" value="C:\Users\Pedro\AppData\Local\Temp\"/>
    <property name="line.separator" value="
"/>
    <property name="java.vm.specification.vendor" value="Oracle Corporation"/>
    <property name="user.variant" value=""/>
    <property name="os.name" value="Windows 8.1"/>
    <property name="net.sourceforge.cobertura.datafile" value="C:\Users\Pedro\Documents\gerenciador-pampatec\code\GerenciadorPampatec\target\cobertura\cobertura.ser"/>
    <property name="maven.ext.class.path" value="C:\Program Files\NetBeans 8.1\java\maven-nblib\netbeans-eventspy.jar"/>
    <property name="classworlds.conf" value="C:\Program Files\NetBeans 8.1\java\maven\bin\m2.conf"/>
    <property name="sun.jnu.encoding" value="Cp1252"/>
    <property name="java.library.path" value="C:\Program Files\Java\jdk1.8.0_11\bin;C:\WINDOWS\Sun\Java\bin;C:\WINDOWS\system32;C:\WINDOWS;C:\ProgramData\Oracle\Java\javapath;C:\Program Files (x86)\Intel\iCLS Client\;C:\Program Files\Intel\iCLS Client\;C:\Windows\system32;C:\Windows;C:\Windows\System32\Wbem;C:\Windows\System32\WindowsPowerShell\v1.0\;C:\Program Files\Intel\Intel(R) Management Engine Components\DAL;C:\Program Files\Intel\Intel(R) Management Engine Components\IPT;C:\Program Files (x86)\Intel\Intel(R) Management Engine Components\DAL;C:\Program Files (x86)\Intel\Intel(R) Management Engine Components\IPT;C:\Program Files\Intel\WiFi\bin\;C:\Program Files\Common Files\Intel\WirelessCommon\;C:\Program Files (x86)\Windows Live\Shared;C:\Program Files (x86)\MySQL\MySQL Utilities 1.4.3\;C:\Program Files (x86)\MySQL\MySQL Utilities 1.4.3\Doctrine extensions for PHP\;C:\Program Files\MiKTeX 2.9\miktex\bin\x64\;C:\WINDOWS\system32;C:\WINDOWS;C:\WINDOWS\System32\Wbem;C:\WINDOWS\System32\WindowsPowerShell\v1.0\;C:\Program Files (x86)\NVIDIA Corporation\PhysX\Common;C:\WINDOWS\system32;C:\WINDOWS;C:\WINDOWS\System32\Wbem;C:\WINDOWS\System32\WindowsPowerShell\v1.0\;C:\Program Files (x86)\PuTTY\;C:\Users\Pedro\AppData\Local\Microsoft\WindowsApps;;."/>
    <property name="java.specification.name" value="Java Platform API Specification"/>
    <property name="java.class.version" value="52.0"/>
    <property name="sun.management.compiler" value="HotSpot 64-Bit Tiered Compilers"/>
    <property name="os.version" value="6.3"/>
    <property name="user.home" value="C:\Users\Pedro"/>
    <property name="user.timezone" value="America/Sao_Paulo"/>
    <property name="java.awt.printerjob" value="sun.awt.windows.WPrinterJob"/>
    <property name="java.specification.version" value="1.8"/>
    <property name="file.encoding" value="UTF-8"/>
    <property name="user.name" value="Pedro"/>
    <property name="java.class.path" value="C:\Program Files\NetBeans 8.1\java\maven\boot\plexus-classworlds-2.4.jar"/>
    <property name="java.vm.specification.version" value="1.8"/>
    <property name="sun.arch.data.model" value="64"/>
    <property name="java.home" value="C:\Program Files\Java\jdk1.8.0_11\jre"/>
    <property name="sun.java.command" value="org.codehaus.plexus.classworlds.launcher.Launcher -Dmaven.ext.class.path=C:\Program Files\NetBeans 8.1\java\maven-nblib\netbeans-eventspy.jar -Dfile.encoding=UTF-8 clean install"/>
    <property name="java.specification.vendor" value="Oracle Corporation"/>
    <property name="user.language" value="pt"/>
    <property name="awt.toolkit" value="sun.awt.windows.WToolkit"/>
    <property name="java.vm.info" value="mixed mode"/>
    <property name="java.version" value="1.8.0_11"/>
    <property name="java.ext.dirs" value="C:\Program Files\Java\jdk1.8.0_11\jre\lib\ext;C:\WINDOWS\Sun\Java\lib\ext"/>
    <property name="sun.boot.class.path" value="C:\Program Files\Java\jdk1.8.0_11\jre\lib\resources.jar;C:\Program Files\Java\jdk1.8.0_11\jre\lib\rt.jar;C:\Program Files\Java\jdk1.8.0_11\jre\lib\sunrsasign.jar;C:\Program Files\Java\jdk1.8.0_11\jre\lib\jsse.jar;C:\Program Files\Java\jdk1.8.0_11\jre\lib\jce.jar;C:\Program Files\Java\jdk1.8.0_11\jre\lib\charsets.jar;C:\Program Files\Java\jdk1.8.0_11\jre\lib\jfr.jar;C:\Program Files\Java\jdk1.8.0_11\jre\classes"/>
    <property name="java.vendor" value="Oracle Corporation"/>
    <property name="maven.home" value="C:\Program Files\NetBeans 8.1\java\maven"/>
    <property name="file.separator" value="\"/>
    <property name="java.vendor.url.bug" value="http://bugreport.sun.com/bugreport/"/>
    <property name="sun.cpu.endian" value="little"/>
    <property name="sun.io.unicode.encoding" value="UnicodeLittle"/>
    <property name="project.build.outputDirectory" value="C:\Users\Pedro\Documents\gerenciador-pampatec\code\GerenciadorPampatec\target\generated-classes\cobertura"/>
    <property name="sun.desktop" value="windows"/>
    <property name="sun.cpu.isalist" value="amd64"/>
  </properties>
  <testcase classname="com.ideiah.gerenciadorpampatec.model.ComentarioProjetoTest" name="testRetornarTextoComentarioEstruturaCustos5" time="0"/>
  <testcase classname="com.ideiah.gerenciadorpampatec.model.ComentarioProjetoTest" name="testGetProjeto" time="0"/>
  <testcase classname="com.ideiah.gerenciadorpampatec.model.ComentarioProjetoTest" name="testSetProjeto" time="0"/>
  <testcase classname="com.ideiah.gerenciadorpampatec.model.ComentarioProjetoTest" name="testSetNome" time="0"/>
  <testcase classname="com.ideiah.gerenciadorpampatec.model.ComentarioProjetoTest" name="testGetNome" time="0"/>
  <testcase classname="com.ideiah.gerenciadorpampatec.model.ComentarioProjetoTest" name="testRetornarTextoComentarioRecursosPrincipais3" time="0"/>
  <testcase classname="com.ideiah.gerenciadorpampatec.model.ComentarioProjetoTest" name="testRetornarTextoComentarioRelacaoCliente2" time="0"/>
  <testcase classname="com.ideiah.gerenciadorpampatec.model.ComentarioProjetoTest" name="testRetornarTextoComentarioRecursosPrincipais4" time="0"/>
  <testcase classname="com.ideiah.gerenciadorpampatec.model.ComentarioProjetoTest" name="testRetornarTextoComentarioCanais6" time="0"/>
  <testcase classname="com.ideiah.gerenciadorpampatec.model.ComentarioProjetoTest" name="testRetornarTextoComentarioParceriasChave2" time="0"/>
  <testcase classname="com.ideiah.gerenciadorpampatec.model.ComentarioProjetoTest" name="testRetornarTextoComentarioConcorrentes2" time="0"/>
  <testcase classname="com.ideiah.gerenciadorpampatec.model.ComentarioProjetoTest" name="testRetornarTextoComentarioPropostaValor4" time="0"/>
  <testcase classname="com.ideiah.gerenciadorpampatec.model.ComentarioProjetoTest" name="testRetornarTextoComentarioParceriasChave3" time="0"/>
  <testcase classname="com.ideiah.gerenciadorpampatec.model.ComentarioProjetoTest" name="testRetornarTextoComentarioRecursosPrincipais5" time="0"/>
  <testcase classname="com.ideiah.gerenciadorpampatec.model.ComentarioProjetoTest" name="testRetornarTextoComentarioRelacaoCliente4" time="0"/>
  <testcase classname="com.ideiah.gerenciadorpampatec.model.ComentarioProjetoTest" name="testRetornarTextoComentarioRecursosPrincipais6" time="0"/>
  <testcase classname="com.ideiah.gerenciadorpampatec.model.ComentarioProjetoTest" name="testRetornarTextoComentarioConcorrentes4" time="0"/>
  <testcase classname="com.ideiah.gerenciadorpampatec.model.ComentarioProjetoTest" name="testRetornarTextoComentarioConcorrentes5" time="0"/>
  <testcase classname="com.ideiah.gerenciadorpampatec.model.ComentarioProjetoTest" name="testRetornarTextoComentarioPropostaValor2" time="0"/>
  <testcase classname="com.ideiah.gerenciadorpampatec.model.ComentarioProjetoTest" name="testRetornarTextoComentarioEstagioEvolucao2" time="0"/>
  <testcase classname="com.ideiah.gerenciadorpampatec.model.ComentarioProjetoTest" name="testRetornarTextoComentarioEstagioEvolucao3" time="0"/>
  <testcase classname="com.ideiah.gerenciadorpampatec.model.ComentarioProjetoTest" name="testRetornarTextoComentarioEstagioEvolucao4" time="0"/>
  <testcase classname="com.ideiah.gerenciadorpampatec.model.ComentarioProjetoTest" name="testRetornarTextoComentarioEstagioEvolucao5" time="0"/>
  <testcase classname="com.ideiah.gerenciadorpampatec.model.ComentarioProjetoTest" name="testRetornarTextoComentarioConcorrentes3" time="0"/>
  <testcase classname="com.ideiah.gerenciadorpampatec.model.ComentarioProjetoTest" name="testRetornarTextoComentarioCanais4" time="0"/>
  <testcase classname="com.ideiah.gerenciadorpampatec.model.ComentarioProjetoTest" name="testRetornarTextoComentarioCanais2" time="0"/>
  <testcase classname="com.ideiah.gerenciadorpampatec.model.ComentarioProjetoTest" name="testRetornarTextoComentarioConcorrentes6" time="0"/>
  <testcase classname="com.ideiah.gerenciadorpampatec.model.ComentarioProjetoTest" name="testRetornarTextoComentarioParceriasChave6" time="0"/>
  <testcase classname="com.ideiah.gerenciadorpampatec.model.ComentarioProjetoTest" name="testRetornarTextoComentarioPropostavalor6" time="0"/>
  <testcase classname="com.ideiah.gerenciadorpampatec.model.ComentarioProjetoTest" name="testRetornarTextoComentarioParceiasChave5" time="0"/>
  <testcase classname="com.ideiah.gerenciadorpampatec.model.ComentarioProjetoTest" name="testRetornarTextoComentarioPropostavalor3" time="0"/>
  <testcase classname="com.ideiah.gerenciadorpampatec.model.ComentarioProjetoTest" name="testRetornarTextoComentarioAtividadesChave3" time="0"/>
  <testcase classname="com.ideiah.gerenciadorpampatec.model.ComentarioProjetoTest" name="testRetornarTextoComentarioRecursosPrincipais2" time="0"/>
  <testcase classname="com.ideiah.gerenciadorpampatec.model.ComentarioProjetoTest" name="testRetornarTextoComentarioRelacaoCliente6" time="0"/>
  <testcase classname="com.ideiah.gerenciadorpampatec.model.ComentarioProjetoTest" name="testRetornarTextoComentarioAtividadesChave4" time="0"/>
  <testcase classname="com.ideiah.gerenciadorpampatec.model.ComentarioProjetoTest" name="testRetornarTextoComentarioAtividadesChave6" time="0"/>
  <testcase classname="com.ideiah.gerenciadorpampatec.model.ComentarioProjetoTest" name="testRetornarTextoComentarioCanais5" time="0"/>
  <testcase classname="com.ideiah.gerenciadorpampatec.model.ComentarioProjetoTest" name="testRetornarTextoComentarioPropostavalor5" time="0"/>
  <testcase classname="com.ideiah.gerenciadorpampatec.model.ComentarioProjetoTest" name="testRetornarTextoComentarioRelacaoCliente5" time="0"/>
  <testcase classname="com.ideiah.gerenciadorpampatec.model.ComentarioProjetoTest" name="testRetornarTextoComentarioRelacaoCliente3" time="0"/>
  <testcase classname="com.ideiah.gerenciadorpampatec.model.ComentarioProjetoTest" name="testRetornarTextoComentarioParceriasChave4" time="0"/>
  <testcase classname="com.ideiah.gerenciadorpampatec.model.ComentarioProjetoTest" name="testRetornarTextoComentarioAtividadesChave2" time="0"/>
  <testcase classname="com.ideiah.gerenciadorpampatec.model.ComentarioProjetoTest" name="testRetornarTextoComentarioAtividadesChave5" time="0"/>
  <testcase classname="com.ideiah.gerenciadorpampatec.model.ComentarioProjetoTest" name="testRetornarTextoComentarioCanais3" time="0"/>
  <testcase classname="com.ideiah.gerenciadorpampatec.model.ComentarioProjetoTest" name="testRetornarTextoComentarioDificuldades2" time="0"/>
  <testcase classname="com.ideiah.gerenciadorpampatec.model.ComentarioProjetoTest" name="testRetornarTextoComentarioPotencialInovacao5" time="0"/>
  <testcase classname="com.ideiah.gerenciadorpampatec.model.ComentarioProjetoTest" name="testRetornarTextoComentarioInfraEstrutura4" time="0"/>
  <testcase classname="com.ideiah.gerenciadorpampatec.model.ComentarioProjetoTest" name="testRetornarTextoComentarioTecnologiaProcessos6" time="0"/>
  <testcase classname="com.ideiah.gerenciadorpampatec.model.ComentarioProjetoTest" name="testRetornarTextoComentarioPotencialInovacao3" time="0"/>
  <testcase classname="com.ideiah.gerenciadorpampatec.model.ComentarioProjetoTest" name="testRetornarTextoComentarioInteracaoEmpresa5" time="0"/>
  <testcase classname="com.ideiah.gerenciadorpampatec.model.ComentarioProjetoTest" name="testRetornarTextoComentarioFontesReceita3" time="0"/>
  <testcase classname="com.ideiah.gerenciadorpampatec.model.ComentarioProjetoTest" name="testRetornarTextoComentarioFontesReceita5" time="0"/>
  <testcase classname="com.ideiah.gerenciadorpampatec.model.ComentarioProjetoTest" name="testRetornarTextoComentarioFontesReceita6" time="0"/>
  <testcase classname="com.ideiah.gerenciadorpampatec.model.ComentarioProjetoTest" name="testRetornarTextoComentarioEstagioEvolucao6" time="0"/>
  <testcase classname="com.ideiah.gerenciadorpampatec.model.ComentarioProjetoTest" name="testRetornarTextoComentarioDificuldades6" time="0"/>
  <testcase classname="com.ideiah.gerenciadorpampatec.model.ComentarioProjetoTest" name="testRetornarTextoComentarioTecnologiaProcessos4" time="0"/>
  <testcase classname="com.ideiah.gerenciadorpampatec.model.ComentarioProjetoTest" name="testRetornarTextoComentarioFontesReceita4" time="0"/>
  <testcase classname="com.ideiah.gerenciadorpampatec.model.ComentarioProjetoTest" name="testRetornarTextoComentarioFontesReceita2" time="0"/>
  <testcase classname="com.ideiah.gerenciadorpampatec.model.ComentarioProjetoTest" name="testRetornarTextoComentarioAplicacoes6" time="0"/>
  <testcase classname="com.ideiah.gerenciadorpampatec.model.ComentarioProjetoTest" name="testRetornarTextoComentarioTecnologiaProcessos2" time="0"/>
  <testcase classname="com.ideiah.gerenciadorpampatec.model.ComentarioProjetoTest" name="testRetornarTextoComentarioAplicacoes3" time="0"/>
  <testcase classname="com.ideiah.gerenciadorpampatec.model.ComentarioProjetoTest" name="testRetornarTextoComentarioInteracaoEmpresa2" time="0.001"/>
  <testcase classname="com.ideiah.gerenciadorpampatec.model.ComentarioProjetoTest" name="testRetornarTextoComentarioDificuldades3" time="0"/>
  <testcase classname="com.ideiah.gerenciadorpampatec.model.ComentarioProjetoTest" name="testRetornarTextoComentarioPotencialEmprego3" time="0"/>
  <testcase classname="com.ideiah.gerenciadorpampatec.model.ComentarioProjetoTest" name="testRetornarTextoComentarioDificuldades5" time="0"/>
  <testcase classname="com.ideiah.gerenciadorpampatec.model.ComentarioProjetoTest" name="testRetornarTextoComentarioDificuldades4" time="0"/>
  <testcase classname="com.ideiah.gerenciadorpampatec.model.ComentarioProjetoTest" name="testRetornarTextoComentarioInfraEstrutura5" time="0"/>
  <testcase classname="com.ideiah.gerenciadorpampatec.model.ComentarioProjetoTest" name="testRetornarTextoComentarioEstruturaCustos2" time="0"/>
  <testcase classname="com.ideiah.gerenciadorpampatec.model.ComentarioProjetoTest" name="testRetornarTextoComentarioEstruturaCustos3" time="0"/>
  <testcase classname="com.ideiah.gerenciadorpampatec.model.ComentarioProjetoTest" name="testRetornarTextoComentarioPotencialEmprego6" time="0"/>
  <testcase classname="com.ideiah.gerenciadorpampatec.model.ComentarioProjetoTest" name="testRetornarTextoComentarioAplicacoes2" time="0"/>
  <testcase classname="com.ideiah.gerenciadorpampatec.model.ComentarioProjetoTest" name="testRetornarTextoComentarioInfraEstrutura3" time="0"/>
  <testcase classname="com.ideiah.gerenciadorpampatec.model.ComentarioProjetoTest" name="testRetornarTextoComentarioInfraEstrutura6" time="0"/>
  <testcase classname="com.ideiah.gerenciadorpampatec.model.ComentarioProjetoTest" name="testRetornarTextoComentarioEstruturaCustos4" time="0"/>
  <testcase classname="com.ideiah.gerenciadorpampatec.model.ComentarioProjetoTest" name="testRetornarTextoComentarioPotencialInovacao4" time="0"/>
  <testcase classname="com.ideiah.gerenciadorpampatec.model.ComentarioProjetoTest" name="testRetornarTextoComentarioInteracaoEmpresa3" time="0"/>
  <testcase classname="com.ideiah.gerenciadorpampatec.model.ComentarioProjetoTest" name="testRetornarTextoComentarioInteracaoEmpresa4" time="0"/>
  <testcase classname="com.ideiah.gerenciadorpampatec.model.ComentarioProjetoTest" name="testRetornarTextoComentarioInteracaoEmpresa6" time="0"/>
  <testcase classname="com.ideiah.gerenciadorpampatec.model.ComentarioProjetoTest" name="testRetornarTextoComentarioTecnologiaProcessos5" time="0"/>
  <testcase classname="com.ideiah.gerenciadorpampatec.model.ComentarioProjetoTest" name="testRetornarTextoComentarioPotencialInovacao2" time="0"/>
  <testcase classname="com.ideiah.gerenciadorpampatec.model.ComentarioProjetoTest" name="testRetornarTextoComentarioAplicacoes5" time="0"/>
  <testcase classname="com.ideiah.gerenciadorpampatec.model.ComentarioProjetoTest" name="testRetornarTextoComentarioInfraEstrutura2" time="0"/>
  <testcase classname="com.ideiah.gerenciadorpampatec.model.ComentarioProjetoTest" name="testRetornarTextoComentarioTecnologiaProcessos3" time="0"/>
  <testcase classname="com.ideiah.gerenciadorpampatec.model.ComentarioProjetoTest" name="testRetornarTextoComentarioPotencialInovacao6" time="0"/>
  <testcase classname="com.ideiah.gerenciadorpampatec.model.ComentarioProjetoTest" name="testRetornarTextoComentarioPotencialEmprego2" time="0"/>
  <testcase classname="com.ideiah.gerenciadorpampatec.model.ComentarioProjetoTest" name="testRetornarTextoComentarioAplicacoes4" time="0"/>
  <testcase classname="com.ideiah.gerenciadorpampatec.model.ComentarioProjetoTest" name="testRetornarTextoComentarioPotencialEmprego4" time="0"/>
  <testcase classname="com.ideiah.gerenciadorpampatec.model.ComentarioProjetoTest" name="testRetornarTextoComentarioPotencialEmprego5" time="0"/>
  <testcase classname="com.ideiah.gerenciadorpampatec.model.ComentarioProjetoTest" name="testRetornarTextoComentarioInteracaoEmpresaUniversidade3" time="0"/>
  <testcase classname="com.ideiah.gerenciadorpampatec.model.ComentarioProjetoTest" name="testRetornarTextoComentarioInteracaoEmpresaUniversidade5" time="0"/>
  <testcase classname="com.ideiah.gerenciadorpampatec.model.ComentarioProjetoTest" name="testRetornarTextoComentarioInteracaoEmpresaUniversidade6" time="0"/>
  <testcase classname="com.ideiah.gerenciadorpampatec.model.ComentarioProjetoTest" name="testRetornarTextoComentarioParticipacaoAcionaria4" time="0"/>
  <testcase classname="com.ideiah.gerenciadorpampatec.model.ComentarioProjetoTest" name="testRetornarTextoComentarioParticipacaoAcionaria5" time="0"/>
  <testcase classname="com.ideiah.gerenciadorpampatec.model.ComentarioProjetoTest" name="testRetornarTextoComentarioParticipacaoAcionaria6" time="0"/>
  <testcase classname="com.ideiah.gerenciadorpampatec.model.ComentarioProjetoTest" name="testRetornarTextoComentarioParticipacaoAcionaria3" time="0"/>
  <testcase classname="com.ideiah.gerenciadorpampatec.model.ComentarioProjetoTest" name="testRetornarTextoComentarioInteracaoEmpresaUniversidade2" time="0"/>
  <testcase classname="com.ideiah.gerenciadorpampatec.model.ComentarioProjetoTest" name="testRetornarTextoComentarioInteracaoEmpresaUniversidade4" time="0"/>
  <testcase classname="com.ideiah.gerenciadorpampatec.model.ComentarioProjetoTest" name="testRetornarTextoComentarioParticipacaoAcionaria2" time="0"/>
  <testcase classname="com.ideiah.gerenciadorpampatec.model.ComentarioProjetoTest" name="testSetEstagioEvolucao" time="0"/>
  <testcase classname="com.ideiah.gerenciadorpampatec.model.ComentarioProjetoTest" name="testGetEstagioEvolucao" time="0"/>
  <testcase classname="com.ideiah.gerenciadorpampatec.model.ComentarioProjetoTest" name="testSetConcorrentes" time="0"/>
  <testcase classname="com.ideiah.gerenciadorpampatec.model.ComentarioProjetoTest" name="testSetRecursosPrincipais" time="0"/>
  <testcase classname="com.ideiah.gerenciadorpampatec.model.ComentarioProjetoTest" name="testGetRecursosPrincipais" time="0"/>
  <testcase classname="com.ideiah.gerenciadorpampatec.model.ComentarioProjetoTest" name="testGetConcorrentes" time="0"/>
  <testcase classname="com.ideiah.gerenciadorpampatec.model.ComentarioProjetoTest" name="testConstrutorComentarioProjeto" time="0"/>
  <testcase classname="com.ideiah.gerenciadorpampatec.model.ComentarioProjetoTest" name="testPopulandoVariaveisComentario" time="0"/>
  <testcase classname="com.ideiah.gerenciadorpampatec.model.ComentarioProjetoTest" name="testRetornarTextoComentario4" time="0"/>
  <testcase classname="com.ideiah.gerenciadorpampatec.model.ComentarioProjetoTest" name="testRetornarTextoComentario2" time="0"/>
  <testcase classname="com.ideiah.gerenciadorpampatec.model.ComentarioProjetoTest" name="testRetornarPropostaValor" time="0"/>
  <testcase classname="com.ideiah.gerenciadorpampatec.model.ComentarioProjetoTest" name="testRetornarAtividadesChave" time="0"/>
  <testcase classname="com.ideiah.gerenciadorpampatec.model.ComentarioProjetoTest" name="testRetornaTextoComentario" time="0"/>
  <testcase classname="com.ideiah.gerenciadorpampatec.model.ComentarioProjetoTest" name="testTodasConsideracoes" time="0"/>
  <testcase classname="com.ideiah.gerenciadorpampatec.model.ComentarioProjetoTest" name="testRetornarConcorrentes" time="0"/>
  <testcase classname="com.ideiah.gerenciadorpampatec.model.ComentarioProjetoTest" name="testSetIdcomentario" time="0"/>
  <testcase classname="com.ideiah.gerenciadorpampatec.model.ComentarioProjetoTest" name="testRetornarParceriasChave" time="0"/>
  <testcase classname="com.ideiah.gerenciadorpampatec.model.ComentarioProjetoTest" name="testSetParticipacaoacionaria" time="0"/>
  <testcase classname="com.ideiah.gerenciadorpampatec.model.ComentarioProjetoTest" name="testRetornarAplicacoes" time="0"/>
  <testcase classname="com.ideiah.gerenciadorpampatec.model.ComentarioProjetoTest" name="testRetornarTextoComentario" time="0"/>
  <testcase classname="com.ideiah.gerenciadorpampatec.model.ComentarioProjetoTest" name="testRetornarSegmentosClientes" time="0"/>
  <testcase classname="com.ideiah.gerenciadorpampatec.model.ComentarioProjetoTest" name="testRetornarEstagioEvolucao" time="0"/>
  <testcase classname="com.ideiah.gerenciadorpampatec.model.ComentarioProjetoTest" name="testGetPotencialemprego" time="0"/>
  <testcase classname="com.ideiah.gerenciadorpampatec.model.ComentarioProjetoTest" name="testGetStatusString" time="0"/>
  <testcase classname="com.ideiah.gerenciadorpampatec.model.ComentarioProjetoTest" name="testGetSegmentosClientes" time="0"/>
  <testcase classname="com.ideiah.gerenciadorpampatec.model.ComentarioProjetoTest" name="testGetRelacionamentoCliente" time="0"/>
  <testcase classname="com.ideiah.gerenciadorpampatec.model.ComentarioProjetoTest" name="testSetRelacionamentoCliente" time="0"/>
  <testcase classname="com.ideiah.gerenciadorpampatec.model.ComentarioProjetoTest" name="testConstrutorComentarioProjeto2" time="0"/>
  <testcase classname="com.ideiah.gerenciadorpampatec.model.ComentarioProjetoTest" name="testRetornarTextoComentario3" time="0"/>
  <testcase classname="com.ideiah.gerenciadorpampatec.model.ComentarioProjetoTest" name="testRetornarEstruturaCustos" time="0"/>
  <testcase classname="com.ideiah.gerenciadorpampatec.model.ComentarioProjetoTest" name="testSetPropostaValor" time="0"/>
  <testcase classname="com.ideiah.gerenciadorpampatec.model.ComentarioProjetoTest" name="testRetornarInfraEstrutura" time="0"/>
  <testcase classname="com.ideiah.gerenciadorpampatec.model.ComentarioProjetoTest" name="testRetornarCustosFixos" time="0"/>
  <testcase classname="com.ideiah.gerenciadorpampatec.model.ComentarioProjetoTest" name="testSetAtividadeChave" time="0"/>
  <testcase classname="com.ideiah.gerenciadorpampatec.model.ComentarioProjetoTest" name="testSetPotencialemprego" time="0"/>
  <testcase classname="com.ideiah.gerenciadorpampatec.model.ComentarioProjetoTest" name="testGetParceriasChave" time="0"/>
  <testcase classname="com.ideiah.gerenciadorpampatec.model.ComentarioProjetoTest" name="testGetAtividadeChave" time="0"/>
  <testcase classname="com.ideiah.gerenciadorpampatec.model.ComentarioProjetoTest" name="testRetornarRecursosPrincipais" time="0"/>
  <testcase classname="com.ideiah.gerenciadorpampatec.model.ComentarioProjetoTest" name="testRetornarTextoComentario5" time="0"/>
  <testcase classname="com.ideiah.gerenciadorpampatec.model.ComentarioProjetoTest" name="testRetornarCanais" time="0"/>
  <testcase classname="com.ideiah.gerenciadorpampatec.model.ComentarioProjetoTest" name="testRetornarPotencialEmprego" time="0"/>
  <testcase classname="com.ideiah.gerenciadorpampatec.model.ComentarioProjetoTest" name="testRetornarInvestimentoInicial" time="0"/>
  <testcase classname="com.ideiah.gerenciadorpampatec.model.ComentarioProjetoTest" name="testRetornarTecnologiaProcesso" time="0"/>
  <testcase classname="com.ideiah.gerenciadorpampatec.model.ComentarioProjetoTest" name="testSetTextocomentarios" time="0"/>
  <testcase classname="com.ideiah.gerenciadorpampatec.model.ComentarioProjetoTest" name="testAtualizarTextoComentario" time="0"/>
  <testcase classname="com.ideiah.gerenciadorpampatec.model.ComentarioProjetoTest" name="testRetornarCustosVariaveis" time="0"/>
  <testcase classname="com.ideiah.gerenciadorpampatec.model.ComentarioProjetoTest" name="testGetIdcomentario" time="0"/>
  <testcase classname="com.ideiah.gerenciadorpampatec.model.ComentarioProjetoTest" name="testGetTextocomentarios" time="0"/>
  <testcase classname="com.ideiah.gerenciadorpampatec.model.ComentarioProjetoTest" name="testRetornarRelacoesClientes" time="0"/>
  <testcase classname="com.ideiah.gerenciadorpampatec.model.ComentarioProjetoTest" name="testRetornarTextoComentario6" time="0"/>
  <testcase classname="com.ideiah.gerenciadorpampatec.model.ComentarioProjetoTest" name="testGetParticipacaoacionaria" time="0"/>
  <testcase classname="com.ideiah.gerenciadorpampatec.model.ComentarioProjetoTest" name="testRetornarTextoComentario1" time="0"/>
  <testcase classname="com.ideiah.gerenciadorpampatec.model.ComentarioProjetoTest" name="testRetornarFontesReceitas" time="0"/>
  <testcase classname="com.ideiah.gerenciadorpampatec.model.ComentarioProjetoTest" name="testGetConsideracoes" time="0"/>
  <testcase classname="com.ideiah.gerenciadorpampatec.model.ComentarioProjetoTest" name="testVerificaCampos" time="0"/>
  <testcase classname="com.ideiah.gerenciadorpampatec.model.ComentarioProjetoTest" name="testSetSegmentosClientes" time="0"/>
  <testcase classname="com.ideiah.gerenciadorpampatec.model.ComentarioProjetoTest" name="testSetConsideracoes" time="0"/>
  <testcase classname="com.ideiah.gerenciadorpampatec.model.ComentarioProjetoTest" name="testGetPropostaValor" time="0"/>
  <testcase classname="com.ideiah.gerenciadorpampatec.model.ComentarioProjetoTest" name="testGetDificuldadesEsperadas" time="0"/>
  <testcase classname="com.ideiah.gerenciadorpampatec.model.ComentarioProjetoTest" name="testSetCustoVariavel" time="0"/>
  <testcase classname="com.ideiah.gerenciadorpampatec.model.ComentarioProjetoTest" name="testSetPotencialEmprego" time="0"/>
  <testcase classname="com.ideiah.gerenciadorpampatec.model.ComentarioProjetoTest" name="testGetCustoVariavel" time="0"/>
  <testcase classname="com.ideiah.gerenciadorpampatec.model.ComentarioProjetoTest" name="testSetParticipacaoAcionaria" time="0"/>
  <testcase classname="com.ideiah.gerenciadorpampatec.model.ComentarioProjetoTest" name="testGetAplicacoes" time="0"/>
  <testcase classname="com.ideiah.gerenciadorpampatec.model.ComentarioProjetoTest" name="testSetParceriasChave" time="0"/>
  <testcase classname="com.ideiah.gerenciadorpampatec.model.ComentarioProjetoTest" name="testGetParticipacaoAcionaria" time="0"/>
  <testcase classname="com.ideiah.gerenciadorpampatec.model.ComentarioProjetoTest" name="testSetAplicacoes" time="0"/>
  <testcase classname="com.ideiah.gerenciadorpampatec.model.ComentarioProjetoTest" name="testGetInfraestrutura" time="0"/>
  <testcase classname="com.ideiah.gerenciadorpampatec.model.ComentarioProjetoTest" name="testGetFontesReceita" time="0"/>
  <testcase classname="com.ideiah.gerenciadorpampatec.model.ComentarioProjetoTest" name="testGetPotencialEmprego" time="0"/>
  <testcase classname="com.ideiah.gerenciadorpampatec.model.ComentarioProjetoTest" name="testSetFontesReceita" time="0"/>
  <testcase classname="com.ideiah.gerenciadorpampatec.model.ComentarioProjetoTest" name="testSetEstruturaCusto" time="0"/>
  <testcase classname="com.ideiah.gerenciadorpampatec.model.ComentarioProjetoTest" name="testSetTecnologiaProcessos" time="0"/>
  <testcase classname="com.ideiah.gerenciadorpampatec.model.ComentarioProjetoTest" name="testGetTecnologiaProcessos" time="0"/>
  <testcase classname="com.ideiah.gerenciadorpampatec.model.ComentarioProjetoTest" name="testSetDificuldadesEsperadas" time="0"/>
  <testcase classname="com.ideiah.gerenciadorpampatec.model.ComentarioProjetoTest" name="testSetInfraestrutura" time="0"/>
  <testcase classname="com.ideiah.gerenciadorpampatec.model.ComentarioProjetoTest" name="testSetInvestimentoInicial" time="0"/>
  <testcase classname="com.ideiah.gerenciadorpampatec.model.ComentarioProjetoTest" name="testGetEstruturaCusto" time="0"/>
  <testcase classname="com.ideiah.gerenciadorpampatec.model.ComentarioProjetoTest" name="testGetInvestimentoInicial" time="0"/>
  <testcase classname="com.ideiah.gerenciadorpampatec.model.ComentarioProjetoTest" name="testRetornarPotencialInovacaoTecnologia" time="0"/>
  <testcase classname="com.ideiah.gerenciadorpampatec.model.ComentarioProjetoTest" name="testRetornarTextoComentarioEstruturaCustos6" time="0"/>
  <testcase classname="com.ideiah.gerenciadorpampatec.model.ComentarioProjetoTest" name="testSetInteracaoEmpresaUniversidade" time="0"/>
  <testcase classname="com.ideiah.gerenciadorpampatec.model.ComentarioProjetoTest" name="testSetTextoComentario_int_String" time="0"/>
  <testcase classname="com.ideiah.gerenciadorpampatec.model.ComentarioProjetoTest" name="testSetPotencialInovacaoTecnologica" time="0"/>
  <testcase classname="com.ideiah.gerenciadorpampatec.model.ComentarioProjetoTest" name="testSetInteracaoEmpresaComunidadeGoverno" time="0"/>
  <testcase classname="com.ideiah.gerenciadorpampatec.model.ComentarioProjetoTest" name="testRetornarTextoComentarioCustoVariavel3" time="0"/>
  <testcase classname="com.ideiah.gerenciadorpampatec.model.ComentarioProjetoTest" name="testRetornarTextoComentarioInvestimentoInicial3" time="0"/>
  <testcase classname="com.ideiah.gerenciadorpampatec.model.ComentarioProjetoTest" name="testSetTextoComentarioDataSubmissao" time="0.001"/>
  <testcase classname="com.ideiah.gerenciadorpampatec.model.ComentarioProjetoTest" name="testRetornarInteracaoEmpresaUniversidade" time="0"/>
  <testcase classname="com.ideiah.gerenciadorpampatec.model.ComentarioProjetoTest" name="testGetConsideracoesPersonalizadas" time="0"/>
  <testcase classname="com.ideiah.gerenciadorpampatec.model.ComentarioProjetoTest" name="testRetornarTextoComentarioCustoVariavel6" time="0"/>
  <testcase classname="com.ideiah.gerenciadorpampatec.model.ComentarioProjetoTest" name="testRetornarTextoComentarioCustoFixo3" time="0"/>
  <testcase classname="com.ideiah.gerenciadorpampatec.model.ComentarioProjetoTest" name="testRetornarTextoComentarioInvestimentoInicial2" time="0"/>
  <testcase classname="com.ideiah.gerenciadorpampatec.model.ComentarioProjetoTest" name="testRetornarTextoComentarioCustoVariavel2" time="0"/>
  <testcase classname="com.ideiah.gerenciadorpampatec.model.ComentarioProjetoTest" name="testRetornarTextoComentarioCustoFixo2" time="0"/>
  <testcase classname="com.ideiah.gerenciadorpampatec.model.ComentarioProjetoTest" name="testRetornarTextoComentarioCustoVariavel4" time="0"/>
  <testcase classname="com.ideiah.gerenciadorpampatec.model.ComentarioProjetoTest" name="testRetornarTextoComentarioCustoVariavel5" time="0"/>
  <testcase classname="com.ideiah.gerenciadorpampatec.model.ComentarioProjetoTest" name="testRetornarParticipacaoAcionaria" time="0"/>
  <testcase classname="com.ideiah.gerenciadorpampatec.model.ComentarioProjetoTest" name="testSetConsideracoesPersonalizadas" time="0"/>
  <testcase classname="com.ideiah.gerenciadorpampatec.model.ComentarioProjetoTest" name="testRetornarDifilcudadesEsperadas" time="0"/>
  <testcase classname="com.ideiah.gerenciadorpampatec.model.ComentarioProjetoTest" name="testRetornarTextoComentarioCustoFixo5" time="0"/>
  <testcase classname="com.ideiah.gerenciadorpampatec.model.ComentarioProjetoTest" name="testRetornarTextoComentarioInvestimentoInicial5" time="0"/>
  <testcase classname="com.ideiah.gerenciadorpampatec.model.ComentarioProjetoTest" name="testRetornarTextoComentarioCustoFixo4" time="0"/>
  <testcase classname="com.ideiah.gerenciadorpampatec.model.ComentarioProjetoTest" name="testRetornarTextoComentarioCustoFixo6" time="0"/>
  <testcase classname="com.ideiah.gerenciadorpampatec.model.ComentarioProjetoTest" name="testAtualizaTodosOsTextoComentario" time="0"/>
  <testcase classname="com.ideiah.gerenciadorpampatec.model.ComentarioProjetoTest" name="testSetTextoComentario_int_GerenteRelacionamento" time="0"/>
  <testcase classname="com.ideiah.gerenciadorpampatec.model.ComentarioProjetoTest" name="testGetPotencialInovacaoTecnologica" time="0"/>
  <testcase classname="com.ideiah.gerenciadorpampatec.model.ComentarioProjetoTest" name="testGetInteracaoEmpresaComunidadeGoverno" time="0"/>
  <testcase classname="com.ideiah.gerenciadorpampatec.model.ComentarioProjetoTest" name="testSetTextoComentarioDataAlteracao" time="0"/>
  <testcase classname="com.ideiah.gerenciadorpampatec.model.ComentarioProjetoTest" name="testRetornarTextoComentarioInvestimentoInicial6" time="0"/>
  <testcase classname="com.ideiah.gerenciadorpampatec.model.ComentarioProjetoTest" name="testRetornarTextoComentarioInvestimentoInicial4" time="0"/>
  <testcase classname="com.ideiah.gerenciadorpampatec.model.ComentarioProjetoTest" name="testRetornarInteracaoEmpresaComunidadeGoverno" time="0"/>
  <testcase classname="com.ideiah.gerenciadorpampatec.model.ComentarioProjetoTest" name="testGetInteracaoEmpresaUniversidade" time="0"/>
  <testcase classname="com.ideiah.gerenciadorpampatec.model.ComentarioProjetoTest" name="testGetStatus3" time="0"/>
  <testcase classname="com.ideiah.gerenciadorpampatec.model.ComentarioProjetoTest" name="testSetCanais" time="0"/>
  <testcase classname="com.ideiah.gerenciadorpampatec.model.ComentarioProjetoTest" name="testGetCanais" time="0"/>
  <testcase classname="com.ideiah.gerenciadorpampatec.model.ComentarioProjetoTest" name="testSetStatus" time="0"/>
  <testcase classname="com.ideiah.gerenciadorpampatec.model.ComentarioProjetoTest" name="testGetStatus" time="0"/>
  <testcase classname="com.ideiah.gerenciadorpampatec.model.ComentarioProjetoTest" name="testGetStatus2" time="0"/>
  <testcase classname="com.ideiah.gerenciadorpampatec.model.ComentarioProjetoTest" name="testSetCustoFixo" time="0"/>
  <testcase classname="com.ideiah.gerenciadorpampatec.model.ComentarioProjetoTest" name="testGetCustoFixo" time="0"/>
</testsuite>