<?xml version="1.0" encoding="UTF-8" ?>
<testsuite tests="66" failures="0" name="com.ideiah.gerenciadorpampatec.model.ProjetoTest" time="0.001" errors="0" skipped="0">
  <properties>
    <property name="java.runtime.name" value="Java(TM) SE Runtime Environment"/>
    <property name="sun.boot.library.path" value="C:\Program Files\Java\jdk1.8.0_11\jre\bin"/>
    <property name="java.vm.version" value="25.11-b03"/>
    <property name="java.vm.vendor" value="Oracle Corporation"/>
    <property name="java.vendor.url" value="http://java.oracle.com/"/>
    <property name="path.separator" value=";"/>
    <property name="guice.disable.misplaced.annotation.check" value="true"/>
    <property name="java.vm.name" value="Java HotSpot(TM) 64-Bit Server VM"/>
    <property name="file.encoding.pkg" value="sun.io"/>
    <property name="user.script" value=""/>
    <property name="user.country" value="BR"/>
    <property name="sun.java.launcher" value="SUN_STANDARD"/>
    <property name="sun.os.patch.level" value=""/>
    <property name="java.vm.specification.name" value="Java Virtual Machine Specification"/>
    <property name="user.dir" value="C:\Users\Pedro\Documents\gerenciador-pampatec\code\GerenciadorPampatec"/>
    <property name="java.runtime.version" value="1.8.0_11-b12"/>
    <property name="java.awt.graphicsenv" value="sun.awt.Win32GraphicsEnvironment"/>
    <property name="java.endorsed.dirs" value="C:\Program Files\Java\jdk1.8.0_11\jre\lib\endorsed"/>
    <property name="os.arch" value="amd64"/>
    <property name="java.io.tmpdir" value="C:\Users\Pedro\AppData\Local\Temp\"/>
    <property name="line.separator" value="
"/>
    <property name="java.vm.specification.vendor" value="Oracle Corporation"/>
    <property name="user.variant" value=""/>
    <property name="os.name" value="Windows 8.1"/>
    <property name="net.sourceforge.cobertura.datafile" value="C:\Users\Pedro\Documents\gerenciador-pampatec\code\GerenciadorPampatec\target\cobertura\cobertura.ser"/>
    <property name="maven.ext.class.path" value="C:\Program Files\NetBeans 8.1\java\maven-nblib\netbeans-eventspy.jar"/>
    <property name="classworlds.conf" value="C:\Program Files\NetBeans 8.1\java\maven\bin\m2.conf"/>
    <property name="sun.jnu.encoding" value="Cp1252"/>
    <property name="java.library.path" value="C:\Program Files\Java\jdk1.8.0_11\bin;C:\WINDOWS\Sun\Java\bin;C:\WINDOWS\system32;C:\WINDOWS;C:\ProgramData\Oracle\Java\javapath;C:\Program Files (x86)\Intel\iCLS Client\;C:\Program Files\Intel\iCLS Client\;C:\Windows\system32;C:\Windows;C:\Windows\System32\Wbem;C:\Windows\System32\WindowsPowerShell\v1.0\;C:\Program Files\Intel\Intel(R) Management Engine Components\DAL;C:\Program Files\Intel\Intel(R) Management Engine Components\IPT;C:\Program Files (x86)\Intel\Intel(R) Management Engine Components\DAL;C:\Program Files (x86)\Intel\Intel(R) Management Engine Components\IPT;C:\Program Files\Intel\WiFi\bin\;C:\Program Files\Common Files\Intel\WirelessCommon\;C:\Program Files (x86)\Windows Live\Shared;C:\Program Files (x86)\MySQL\MySQL Utilities 1.4.3\;C:\Program Files (x86)\MySQL\MySQL Utilities 1.4.3\Doctrine extensions for PHP\;C:\Program Files\MiKTeX 2.9\miktex\bin\x64\;C:\WINDOWS\system32;C:\WINDOWS;C:\WINDOWS\System32\Wbem;C:\WINDOWS\System32\WindowsPowerShell\v1.0\;C:\Program Files (x86)\NVIDIA Corporation\PhysX\Common;C:\WINDOWS\system32;C:\WINDOWS;C:\WINDOWS\System32\Wbem;C:\WINDOWS\System32\WindowsPowerShell\v1.0\;C:\Program Files (x86)\PuTTY\;C:\Users\Pedro\AppData\Local\Microsoft\WindowsApps;;."/>
    <property name="java.specification.name" value="Java Platform API Specification"/>
    <property name="java.class.version" value="52.0"/>
    <property name="sun.management.compiler" value="HotSpot 64-Bit Tiered Compilers"/>
    <property name="os.version" value="6.3"/>
    <property name="user.home" value="C:\Users\Pedro"/>
    <property name="user.timezone" value="America/Sao_Paulo"/>
    <property name="java.awt.printerjob" value="sun.awt.windows.WPrinterJob"/>
    <property name="java.specification.version" value="1.8"/>
    <property name="file.encoding" value="UTF-8"/>
    <property name="user.name" value="Pedro"/>
    <property name="java.class.path" value="C:\Program Files\NetBeans 8.1\java\maven\boot\plexus-classworlds-2.4.jar"/>
    <property name="java.vm.specification.version" value="1.8"/>
    <property name="sun.arch.data.model" value="64"/>
    <property name="java.home" value="C:\Program Files\Java\jdk1.8.0_11\jre"/>
    <property name="sun.java.command" value="org.codehaus.plexus.classworlds.launcher.Launcher -Dmaven.ext.class.path=C:\Program Files\NetBeans 8.1\java\maven-nblib\netbeans-eventspy.jar -Dfile.encoding=UTF-8 clean install"/>
    <property name="java.specification.vendor" value="Oracle Corporation"/>
    <property name="user.language" value="pt"/>
    <property name="awt.toolkit" value="sun.awt.windows.WToolkit"/>
    <property name="java.vm.info" value="mixed mode"/>
    <property name="java.version" value="1.8.0_11"/>
    <property name="java.ext.dirs" value="C:\Program Files\Java\jdk1.8.0_11\jre\lib\ext;C:\WINDOWS\Sun\Java\lib\ext"/>
    <property name="sun.boot.class.path" value="C:\Program Files\Java\jdk1.8.0_11\jre\lib\resources.jar;C:\Program Files\Java\jdk1.8.0_11\jre\lib\rt.jar;C:\Program Files\Java\jdk1.8.0_11\jre\lib\sunrsasign.jar;C:\Program Files\Java\jdk1.8.0_11\jre\lib\jsse.jar;C:\Program Files\Java\jdk1.8.0_11\jre\lib\jce.jar;C:\Program Files\Java\jdk1.8.0_11\jre\lib\charsets.jar;C:\Program Files\Java\jdk1.8.0_11\jre\lib\jfr.jar;C:\Program Files\Java\jdk1.8.0_11\jre\classes"/>
    <property name="java.vendor" value="Oracle Corporation"/>
    <property name="maven.home" value="C:\Program Files\NetBeans 8.1\java\maven"/>
    <property name="file.separator" value="\"/>
    <property name="java.vendor.url.bug" value="http://bugreport.sun.com/bugreport/"/>
    <property name="sun.cpu.endian" value="little"/>
    <property name="sun.io.unicode.encoding" value="UnicodeLittle"/>
    <property name="project.build.outputDirectory" value="C:\Users\Pedro\Documents\gerenciador-pampatec\code\GerenciadorPampatec\target\generated-classes\cobertura"/>
    <property name="sun.desktop" value="windows"/>
    <property name="sun.cpu.isalist" value="amd64"/>
  </properties>
  <testcase classname="com.ideiah.gerenciadorpampatec.model.ProjetoTest" name="testGetEdital" time="0"/>
  <testcase classname="com.ideiah.gerenciadorpampatec.model.ProjetoTest" name="testSetEdital" time="0"/>
  <testcase classname="com.ideiah.gerenciadorpampatec.model.ProjetoTest" name="testSetNegocio" time="0"/>
  <testcase classname="com.ideiah.gerenciadorpampatec.model.ProjetoTest" name="testSetIdProjeto" time="0"/>
  <testcase classname="com.ideiah.gerenciadorpampatec.model.ProjetoTest" name="testMudarStatus" time="0"/>
  <testcase classname="com.ideiah.gerenciadorpampatec.model.ProjetoTest" name="testGetIdProjeto" time="0"/>
  <testcase classname="com.ideiah.gerenciadorpampatec.model.ProjetoTest" name="testGetNegocio" time="0"/>
  <testcase classname="com.ideiah.gerenciadorpampatec.model.ProjetoTest" name="testGetDataEnvio" time="0"/>
  <testcase classname="com.ideiah.gerenciadorpampatec.model.ProjetoTest" name="testSetDataEnvio" time="0"/>
  <testcase classname="com.ideiah.gerenciadorpampatec.model.ProjetoTest" name="testSetNome" time="0"/>
  <testcase classname="com.ideiah.gerenciadorpampatec.model.ProjetoTest" name="testGetNome" time="0"/>
  <testcase classname="com.ideiah.gerenciadorpampatec.model.ProjetoTest" name="testSetComentarioProjeto" time="0"/>
  <testcase classname="com.ideiah.gerenciadorpampatec.model.ProjetoTest" name="testGetComentarioProjeto" time="0"/>
  <testcase classname="com.ideiah.gerenciadorpampatec.model.ProjetoTest" name="testGetStatusString4" time="0"/>
  <testcase classname="com.ideiah.gerenciadorpampatec.model.ProjetoTest" name="testGetPlanofinanceiro" time="0"/>
  <testcase classname="com.ideiah.gerenciadorpampatec.model.ProjetoTest" name="testSetPlanofinanceiro" time="0"/>
  <testcase classname="com.ideiah.gerenciadorpampatec.model.ProjetoTest" name="testSetParticipacaoacionaria" time="0"/>
  <testcase classname="com.ideiah.gerenciadorpampatec.model.ProjetoTest" name="testGetStatusString" time="0"/>
  <testcase classname="com.ideiah.gerenciadorpampatec.model.ProjetoTest" name="testGetParticipacaoacionaria" time="0"/>
  <testcase classname="com.ideiah.gerenciadorpampatec.model.ProjetoTest" name="testSetPotencialEmprego" time="0"/>
  <testcase classname="com.ideiah.gerenciadorpampatec.model.ProjetoTest" name="testGetPotencialEmprego" time="0"/>
  <testcase classname="com.ideiah.gerenciadorpampatec.model.ProjetoTest" name="testGetEmpreendedorCorrespondente" time="0"/>
  <testcase classname="com.ideiah.gerenciadorpampatec.model.ProjetoTest" name="testSetEmpreendedorCorrespondente" time="0"/>
  <testcase classname="com.ideiah.gerenciadorpampatec.model.ProjetoTest" name="testVerificarSendoAvaliado" time="0"/>
  <testcase classname="com.ideiah.gerenciadorpampatec.model.ProjetoTest" name="testVerificarNecessitaAvaliacao" time="0"/>
  <testcase classname="com.ideiah.gerenciadorpampatec.model.ProjetoTest" name="testGetAnaliseemprego" time="0"/>
  <testcase classname="com.ideiah.gerenciadorpampatec.model.ProjetoTest" name="testSetAnaliseemprego" time="0"/>
  <testcase classname="com.ideiah.gerenciadorpampatec.model.ProjetoTest" name="testVerificaReSubmetido" time="0"/>
  <testcase classname="com.ideiah.gerenciadorpampatec.model.ProjetoTest" name="testSetProdutoouservico" time="0"/>
  <testcase classname="com.ideiah.gerenciadorpampatec.model.ProjetoTest" name="testFormatarDataEnvio2" time="0"/>
  <testcase classname="com.ideiah.gerenciadorpampatec.model.ProjetoTest" name="testGetDataAvaliacao" time="0"/>
  <testcase classname="com.ideiah.gerenciadorpampatec.model.ProjetoTest" name="testSetDataAvaliacao" time="0"/>
  <testcase classname="com.ideiah.gerenciadorpampatec.model.ProjetoTest" name="testVerificarRevisando" time="0"/>
  <testcase classname="com.ideiah.gerenciadorpampatec.model.ProjetoTest" name="testGetProdutoouservico" time="0"/>
  <testcase classname="com.ideiah.gerenciadorpampatec.model.ProjetoTest" name="testGetStatusString2" time="0"/>
  <testcase classname="com.ideiah.gerenciadorpampatec.model.ProjetoTest" name="testFormatarDataEnvio" time="0"/>
  <testcase classname="com.ideiah.gerenciadorpampatec.model.ProjetoTest" name="testVerificarAceitoParaAvaliacao" time="0"/>
  <testcase classname="com.ideiah.gerenciadorpampatec.model.ProjetoTest" name="testVerificarReprovado" time="0"/>
  <testcase classname="com.ideiah.gerenciadorpampatec.model.ProjetoTest" name="testGetStatusString3" time="0"/>
  <testcase classname="com.ideiah.gerenciadorpampatec.model.ProjetoTest" name="testFormatarDataAvaliacao" time="0"/>
  <testcase classname="com.ideiah.gerenciadorpampatec.model.ProjetoTest" name="testRetornaListaEmpreendedores" time="0"/>
  <testcase classname="com.ideiah.gerenciadorpampatec.model.ProjetoTest" name="testVerificaSubmetido" time="0"/>
  <testcase classname="com.ideiah.gerenciadorpampatec.model.ProjetoTest" name="testFormatarDataAvaliacao2" time="0"/>
  <testcase classname="com.ideiah.gerenciadorpampatec.model.ProjetoTest" name="testVerificaEmPreAvaliacao" time="0"/>
  <testcase classname="com.ideiah.gerenciadorpampatec.model.ProjetoTest" name="testGetStatusString6" time="0"/>
  <testcase classname="com.ideiah.gerenciadorpampatec.model.ProjetoTest" name="testGetStatusString12" time="0"/>
  <testcase classname="com.ideiah.gerenciadorpampatec.model.ProjetoTest" name="testGetStatusString11" time="0"/>
  <testcase classname="com.ideiah.gerenciadorpampatec.model.ProjetoTest" name="testGetDataCriacao" time="0"/>
  <testcase classname="com.ideiah.gerenciadorpampatec.model.ProjetoTest" name="testGetStatusString8" time="0"/>
  <testcase classname="com.ideiah.gerenciadorpampatec.model.ProjetoTest" name="testSetEmpreendedores" time="0.001"/>
  <testcase classname="com.ideiah.gerenciadorpampatec.model.ProjetoTest" name="testGetStatusString9" time="0"/>
  <testcase classname="com.ideiah.gerenciadorpampatec.model.ProjetoTest" name="testGetStatusTemp" time="0"/>
  <testcase classname="com.ideiah.gerenciadorpampatec.model.ProjetoTest" name="testGetStatusString7" time="0"/>
  <testcase classname="com.ideiah.gerenciadorpampatec.model.ProjetoTest" name="testGetEmpreendedores" time="0"/>
  <testcase classname="com.ideiah.gerenciadorpampatec.model.ProjetoTest" name="testGetGerenteRelacionamento" time="0"/>
  <testcase classname="com.ideiah.gerenciadorpampatec.model.ProjetoTest" name="testSetGerenteRelacionamento" time="0"/>
  <testcase classname="com.ideiah.gerenciadorpampatec.model.ProjetoTest" name="testGetStatusString5" time="0"/>
  <testcase classname="com.ideiah.gerenciadorpampatec.model.ProjetoTest" name="testGetStatusString10" time="0"/>
  <testcase classname="com.ideiah.gerenciadorpampatec.model.ProjetoTest" name="testSetDataCriacao" time="0"/>
  <testcase classname="com.ideiah.gerenciadorpampatec.model.ProjetoTest" name="testSetStatusTemp" time="0"/>
  <testcase classname="com.ideiah.gerenciadorpampatec.model.ProjetoTest" name="testGetContAcesso" time="0"/>
  <testcase classname="com.ideiah.gerenciadorpampatec.model.ProjetoTest" name="testSetContAcesso" time="0"/>
  <testcase classname="com.ideiah.gerenciadorpampatec.model.ProjetoTest" name="testProjeto" time="0"/>
  <testcase classname="com.ideiah.gerenciadorpampatec.model.ProjetoTest" name="testProjeto2" time="0"/>
  <testcase classname="com.ideiah.gerenciadorpampatec.model.ProjetoTest" name="testSetStatus" time="0"/>
  <testcase classname="com.ideiah.gerenciadorpampatec.model.ProjetoTest" name="testGetStatus" time="0"/>
</testsuite>